<?xml version="1.0" encoding="UTF-8"?>
<!-- Generated by org.testng.reporters.JUnitReportReporter -->
<testsuite hostname="DESKTOP-8FK0RMT" failures="0" tests="4" name="flightSearchAndBooking.FlightOneWaySearching" time="53.474" errors="0" timestamp="2021-11-21T01:37:48 IST" skipped="0">
  <testcase classname="flightSearchAndBooking.FlightOneWaySearching" name="Flight_TC_01" time="22.604"/>
  <system-out/>
  <testcase classname="flightSearchAndBooking.FlightOneWaySearching" name="Flight_TC_02" time="9.745"/>
  <system-out/>
  <testcase classname="flightSearchAndBooking.FlightOneWaySearching" name="Flight_TC_03" time="10.765"/>
  <system-out/>
  <testcase classname="flightSearchAndBooking.FlightOneWaySearching" name="Flight_TC_04" time="10.360"/>
  <system-out/>
</testsuite> <!-- flightSearchAndBooking.FlightOneWaySearching -->
