<?xml version="1.0" encoding="UTF-8"?>
<!-- Generated by org.testng.reporters.JUnitReportReporter -->
<testsuite hostname="DESKTOP-8FK0RMT" failures="0" tests="4" name="webTests.FBMC_TC" time="348.057" errors="0" timestamp="2021-11-20T23:40:06 IST" skipped="0">
  <testcase classname="webTests.FBMC_TC" name="ForValidDetails" time="147.916"/>
  <system-out/>
  <testcase classname="webTests.FBMC_TC" name="ForInValidDetails" time="74.510"/>
  <system-out/>
  <testcase classname="webTests.FBMC_TC" name="ForValidDetailsInVPN" time="112.706"/>
  <system-out/>
  <testcase classname="webTests.FBMC_TC" name="ForEmptyDetails" time="12.925"/>
  <system-out/>
</testsuite> <!-- webTests.FBMC_TC -->
