<?xml version="1.0" encoding="UTF-8"?>
<!-- Generated by org.testng.reporters.JUnitReportReporter -->
<testsuite hostname="DESKTOP-8FK0RMT" failures="0" tests="7" name="login.Login" time="35.827" errors="0" timestamp="2021-11-21T00:47:15 IST" skipped="0">
  <testcase classname="login.Login" name="EaswMyTripValidDetails" time="9.798"/>
  <system-out/>
  <testcase classname="login.Login" name="EaswMyTripInValidPassword" time="5.554"/>
  <system-out/>
  <testcase classname="login.Login" name="EaswMyTripInValidEmail" time="2.654"/>
  <system-out/>
  <testcase classname="login.Login" name="InvalidDetails" time="2.373"/>
  <system-out/>
  <testcase classname="login.Login" name="validPhoneValidPassword" time="5.876"/>
  <system-out/>
  <testcase classname="login.Login" name="InValidPassword" time="6.362"/>
  <system-out/>
  <testcase classname="login.Login" name="InValidnumber" time="3.210"/>
  <system-out/>
</testsuite> <!-- login.Login -->
