<?xml version="1.0" encoding="UTF-8"?>
<!-- Generated by org.testng.reporters.JUnitReportReporter -->
<testsuite hostname="DESKTOP-8FK0RMT" failures="0" tests="5" name="hotelSearchAndBooking.HotelSearchAndBooking" time="45.282" errors="0" timestamp="2021-11-22T10:27:01 IST" skipped="0">
  <testcase classname="hotelSearchAndBooking.HotelSearchAndBooking" name="searchhotel1" time="9.427"/>
  <system-out/>
  <testcase classname="hotelSearchAndBooking.HotelSearchAndBooking" name="searchhotel2" time="6.387"/>
  <system-out/>
  <testcase classname="hotelSearchAndBooking.HotelSearchAndBooking" name="searchhotel3" time="8.330"/>
  <system-out/>
  <testcase classname="hotelSearchAndBooking.HotelSearchAndBooking" name="searchhotel4" time="11.721"/>
  <system-out/>
  <testcase classname="hotelSearchAndBooking.HotelSearchAndBooking" name="searchhotel5" time="9.417"/>
  <system-out/>
</testsuite> <!-- hotelSearchAndBooking.HotelSearchAndBooking -->
