<?xml version="1.0" encoding="UTF-8"?>
<!-- Generated by org.testng.reporters.JUnitReportReporter -->
<testsuite hostname="DESKTOP-8FK0RMT" failures="0" tests="7" name="flightSearchAndBooking.FlightOneWayBooking" time="254.118" errors="0" timestamp="2021-11-22T12:27:19 IST" skipped="0">
  <testcase classname="flightSearchAndBooking.FlightOneWayBooking" name="Book_TC_04" time="37.650"/>
  <system-out/>
  <testcase classname="flightSearchAndBooking.FlightOneWayBooking" name="Book_TC_02" time="24.950"/>
  <system-out/>
  <testcase classname="flightSearchAndBooking.FlightOneWayBooking" name="Book_Tc_03" time="23.732"/>
  <system-out/>
  <testcase classname="flightSearchAndBooking.FlightOneWayBooking" name="Book_TC_05" time="33.669"/>
  <system-out/>
  <testcase classname="flightSearchAndBooking.FlightOneWayBooking" name="Book_TC_06" time="44.044"/>
  <system-out/>
  <testcase classname="flightSearchAndBooking.FlightOneWayBooking" name="Book_TC_07" time="45.105"/>
  <system-out/>
  <testcase classname="flightSearchAndBooking.FlightOneWayBooking" name="Book_TC_08" time="44.968"/>
  <system-out/>
</testsuite> <!-- flightSearchAndBooking.FlightOneWayBooking -->
