<?xml version="1.0" encoding="UTF-8"?>
<!-- Generated by org.testng.reporters.JUnitReportReporter -->
<testsuite hostname="DESKTOP-8FK0RMT" failures="0" tests="2" name="flightSearchAndBooking.FlightRoundTrip" time="58.080" errors="0" timestamp="2021-11-21T01:22:30 IST" skipped="0">
  <testcase classname="flightSearchAndBooking.FlightRoundTrip" name="SearchvalidDetails" time="33.228"/>
  <system-out/>
  <testcase classname="flightSearchAndBooking.FlightRoundTrip" name="SearchInvalidEmail" time="24.852"/>
  <system-out/>
</testsuite> <!-- flightSearchAndBooking.FlightRoundTrip -->
