<?xml version="1.0" encoding="UTF-8"?>
<!-- Generated by org.testng.reporters.JUnitReportReporter -->
<testsuite hostname="DESKTOP-8FK0RMT" failures="0" tests="5" name="webTests.TC_CA" time="42.119" errors="0" timestamp="2021-11-22T11:08:18 IST" skipped="0">
  <testcase classname="webTests.TC_CA" name="EMTValidEmail" time="19.311"/>
  <system-out/>
  <testcase classname="webTests.TC_CA" name="EMTInValidEmail" time="4.846"/>
  <system-out/>
  <testcase classname="webTests.TC_CA" name="EMTValidMobNum" time="9.823"/>
  <system-out/>
  <testcase classname="webTests.TC_CA" name="EMTInValidMobNum" time="4.060"/>
  <system-out/>
  <testcase classname="webTests.TC_CA" name="EMTEmptyUnm" time="4.079"/>
  <system-out/>
</testsuite> <!-- webTests.TC_CA -->
