<?xml version="1.0" encoding="UTF-8"?>
<!-- Generated by org.testng.reporters.JUnitReportReporter -->
<testsuite hostname="DESKTOP-8FK0RMT" failures="0" tests="1" name="webTests.TC_CA_01" time="5.886" errors="0" timestamp="2021-11-18T16:43:46 IST" skipped="0">
  <testcase classname="webTests.TC_CA_01" name="EMTEmptyUnm" time="5.886"/>
  <system-out/>
</testsuite> <!-- webTests.TC_CA_01 -->
