<?xml version="1.0" encoding="UTF-8"?>
<!-- Generated by org.testng.reporters.JUnitReportReporter -->
<testsuite hostname="DESKTOP-8FK0RMT" failures="0" tests="4" name="flightSearchAndBooking.FBMC_TC" time="66.808" errors="0" timestamp="2021-11-21T01:24:31 IST" skipped="0">
  <testcase classname="flightSearchAndBooking.FBMC_TC" name="ForValidDetails" time="24.906"/>
  <system-out/>
  <testcase classname="flightSearchAndBooking.FBMC_TC" name="ForInValidDetails" time="18.075"/>
  <system-out/>
  <testcase classname="flightSearchAndBooking.FBMC_TC" name="ForValidDetailsInVPN" time="21.947"/>
  <system-out/>
  <testcase classname="flightSearchAndBooking.FBMC_TC" name="ForEmptyDetails" time="1.880"/>
  <system-out/>
</testsuite> <!-- flightSearchAndBooking.FBMC_TC -->
